# t mod arg
0.00000 1.00000 0.00000
0.03157 1.00000 0.03157
0.06315 1.00000 0.06315
0.09472 1.00000 0.09472
0.12630 1.00000 0.12630
0.15787 1.00000 0.15787
0.18944 1.00000 0.18944
0.22102 1.00000 0.22102
0.25259 1.00000 0.25259
0.28416 1.00000 0.28416
0.31574 1.00000 0.31574
0.34731 1.00000 0.34731
0.37889 1.00000 0.37889
0.41046 1.00000 0.41046
0.44203 1.00000 0.44203
0.47361 1.00000 0.47361
0.50518 1.00000 0.50518
0.53675 1.00000 0.53675
0.56833 1.00000 0.56833
0.59990 1.00000 0.59990
0.63148 1.00000 0.63148
0.66305 1.00000 0.66305
0.69462 1.00000 0.69462
0.72620 1.00000 0.72620
0.75777 1.00000 0.75777
0.78934 1.00000 0.78934
0.82092 1.00000 0.82092
0.85249 1.00000 0.85249
0.88407 1.00000 0.88407
0.91564 1.00000 0.91564
0.94721 1.00000 0.94721
0.97879 1.00000 0.97879
1.01036 1.00000 1.01036
1.04194 1.00000 1.04194
1.07351 1.00000 1.07351
1.10508 1.00000 1.10508
1.13666 1.00000 1.13666
1.16823 1.00000 1.16823
1.19980 1.00000 1.19980
1.23138 1.00000 1.23138
1.26295 1.00000 1.26295
1.29453 1.00000 1.29453
1.32610 1.00000 1.32610
1.35767 1.00000 1.35767
1.38925 1.00000 1.38925
1.42082 1.00000 1.42082
1.45239 1.00000 1.45239
1.48397 1.00000 1.48397
1.51554 1.00000 1.51554
1.54712 1.00000 1.54712
1.57869 1.00000 1.57869
1.61026 1.00000 1.61026
1.64184 1.00000 1.64184
1.67341 1.00000 1.67341
1.70498 1.00000 1.70498
1.73656 1.00000 1.73656
1.76813 1.00000 1.76813
1.79971 1.00000 1.79971
1.83128 1.00000 1.83128
1.86285 1.00000 1.86285
1.89443 1.00000 1.89443
1.92600 1.00000 1.92600
1.95758 1.00000 1.95758
1.98915 1.00000 1.98915
2.02072 1.00000 2.02072
2.05230 1.00000 2.05230
2.08387 1.00000 2.08387
2.11544 1.00000 2.11544
2.14702 1.00000 2.14702
2.17859 1.00000 2.17859
2.21017 1.00000 2.21017
2.24174 1.00000 2.24174
2.27331 1.00000 2.27331
2.30489 1.00000 2.30489
2.33646 1.00000 2.33646
2.36803 1.00000 2.36803
2.39961 1.00000 2.39961
2.43118 1.00000 2.43118
2.46276 1.00000 2.46276
2.49433 1.00000 2.49433
2.52590 1.00000 2.52590
2.55748 1.00000 2.55748
2.58905 1.00000 2.58905
2.62063 1.00000 2.62063
2.65220 1.00000 2.65220
2.68377 1.00000 2.68377
2.71535 1.00000 2.71535
2.74692 1.00000 2.74692
2.77849 1.00000 2.77849
2.81007 1.00000 2.81007
2.84164 1.00000 2.84164
2.87322 1.00000 2.87322
2.90479 1.00000 2.90479
2.93636 1.00000 2.93636
2.96794 1.00000 2.96794
2.99951 1.00000 2.99951
3.03108 1.00000 3.03108
3.06266 1.00000 3.06266
3.09423 1.00000 3.09423
3.12581 1.00000 3.12581
3.15738 1.00000 -3.12581
3.18895 1.00000 -3.09423
3.22053 1.00000 -3.06266
3.25210 1.00000 -3.03108
3.28367 1.00000 -2.99951
3.31525 1.00000 -2.96794
3.34682 1.00000 -2.93636
3.37840 1.00000 -2.90479
3.40997 1.00000 -2.87322
3.44154 1.00000 -2.84164
3.47312 1.00000 -2.81007
3.50469 1.00000 -2.77849
3.53627 1.00000 -2.74692
3.56784 1.00000 -2.71535
3.59941 1.00000 -2.68377
3.63099 1.00000 -2.65220
3.66256 1.00000 -2.62063
3.69413 1.00000 -2.58905
3.72571 1.00000 -2.55748
3.75728 1.00000 -2.52590
3.78886 1.00000 -2.49433
3.82043 1.00000 -2.46276
3.85200 1.00000 -2.43118
3.88358 1.00000 -2.39961
3.91515 1.00000 -2.36803
3.94672 1.00000 -2.33646
3.97830 1.00000 -2.30489
4.00987 1.00000 -2.27331
4.04145 1.00000 -2.24174
4.07302 1.00000 -2.21017
4.10459 1.00000 -2.17859
4.13617 1.00000 -2.14702
4.16774 1.00000 -2.11544
4.19931 1.00000 -2.08387
4.23089 1.00000 -2.05230
4.26246 1.00000 -2.02072
4.29404 1.00000 -1.98915
4.32561 1.00000 -1.95758
4.35718 1.00000 -1.92600
4.38876 1.00000 -1.89443
4.42033 1.00000 -1.86285
4.45191 1.00000 -1.83128
4.48348 1.00000 -1.79971
4.51505 1.00000 -1.76813
4.54663 1.00000 -1.73656
4.57820 1.00000 -1.70498
4.60977 1.00000 -1.67341
4.64135 1.00000 -1.64184
4.67292 1.00000 -1.61026
4.70450 1.00000 -1.57869
4.73607 1.00000 -1.54712
4.76764 1.00000 -1.51554
4.79922 1.00000 -1.48397
4.83079 1.00000 -1.45239
4.86236 1.00000 -1.42082
4.89394 1.00000 -1.38925
4.92551 1.00000 -1.35767
4.95709 1.00000 -1.32610
4.98866 1.00000 -1.29453
5.02023 1.00000 -1.26295
5.05181 1.00000 -1.23138
5.08338 1.00000 -1.19980
5.11495 1.00000 -1.16823
5.14653 1.00000 -1.13666
5.17810 1.00000 -1.10508
5.20968 1.00000 -1.07351
5.24125 1.00000 -1.04194
5.27282 1.00000 -1.01036
5.30440 1.00000 -0.97879
5.33597 1.00000 -0.94721
5.36755 1.00000 -0.91564
5.39912 1.00000 -0.88407
5.43069 1.00000 -0.85249
5.46227 1.00000 -0.82092
5.49384 1.00000 -0.78934
5.52541 1.00000 -0.75777
5.55699 1.00000 -0.72620
5.58856 1.00000 -0.69462
5.62014 1.00000 -0.66305
5.65171 1.00000 -0.63148
5.68328 1.00000 -0.59990
5.71486 1.00000 -0.56833
5.74643 1.00000 -0.53675
5.77800 1.00000 -0.50518
5.80958 1.00000 -0.47361
5.84115 1.00000 -0.44203
5.87273 1.00000 -0.41046
5.90430 1.00000 -0.37889
5.93587 1.00000 -0.34731
5.96745 1.00000 -0.31574
5.99902 1.00000 -0.28416
6.03059 1.00000 -0.25259
6.06217 1.00000 -0.22102
6.09374 1.00000 -0.18944
6.12532 1.00000 -0.15787
6.15689 1.00000 -0.12630
6.18846 1.00000 -0.09472
6.22004 1.00000 -0.06315
6.25161 1.00000 -0.03157
6.28319 1.00000 -0.00000
